0 info it worked if it ends with ok
1 verbose cli [ '/usr/bin/nodejs', '/usr/bin/npm', 'install', '-g', 'n' ]
2 info using npm@3.8.6
3 info using node@v5.12.0
4 silly loadCurrentTree Starting
5 silly install loadCurrentTree
6 silly install readGlobalPackageData
7 silly fetchPackageMetaData n
8 silly fetchNamedPackageData n
9 silly mapToRegistry name n
10 silly mapToRegistry using default registry
11 silly mapToRegistry registry https://registry.npmjs.org/
12 silly mapToRegistry data Result {
12 silly mapToRegistry   raw: 'n',
12 silly mapToRegistry   scope: null,
12 silly mapToRegistry   name: 'n',
12 silly mapToRegistry   rawSpec: '',
12 silly mapToRegistry   spec: 'latest',
12 silly mapToRegistry   type: 'tag' }
13 silly mapToRegistry uri https://registry.npmjs.org/n
14 verbose request uri https://registry.npmjs.org/n
15 verbose request no auth needed
16 info attempt registry request try #1 at 1:00:02 AM
17 verbose request id 9388b6f7c2289e35
18 verbose etag W/"58fdcca9-10f00"
19 verbose lastModified Mon, 24 Apr 2017 10:00:09 GMT
20 http request GET https://registry.npmjs.org/n
21 http 304 https://registry.npmjs.org/n
22 verbose headers { date: 'Sat, 29 Apr 2017 05:00:02 GMT',
22 verbose headers   via: '1.1 varnish',
22 verbose headers   'cache-control': 'max-age=300',
22 verbose headers   etag: 'W/"58fdcca9-10f00"',
22 verbose headers   age: '50',
22 verbose headers   connection: 'keep-alive',
22 verbose headers   'x-served-by': 'cache-jfk8126-JFK',
22 verbose headers   'x-cache': 'HIT',
22 verbose headers   'x-cache-hits': '1',
22 verbose headers   'x-timer': 'S1493442002.456524,VS0,VE0',
22 verbose headers   vary: 'Accept-Encoding' }
23 silly get cb [ 304,
23 silly get   { date: 'Sat, 29 Apr 2017 05:00:02 GMT',
23 silly get     via: '1.1 varnish',
23 silly get     'cache-control': 'max-age=300',
23 silly get     etag: 'W/"58fdcca9-10f00"',
23 silly get     age: '50',
23 silly get     connection: 'keep-alive',
23 silly get     'x-served-by': 'cache-jfk8126-JFK',
23 silly get     'x-cache': 'HIT',
23 silly get     'x-cache-hits': '1',
23 silly get     'x-timer': 'S1493442002.456524,VS0,VE0',
23 silly get     vary: 'Accept-Encoding' } ]
24 verbose etag https://registry.npmjs.org/n from cache
25 verbose get saving n to /home/alex/.npm/registry.npmjs.org/n/.cache.json
26 verbose correctMkdir /home/alex/.npm correctMkdir not in flight; initializing
27 silly install normalizeTree
28 silly loadCurrentTree Finishing
29 silly loadIdealTree Starting
30 silly install loadIdealTree
31 silly cloneCurrentTree Starting
32 silly install cloneCurrentTreeToIdealTree
33 silly cloneCurrentTree Finishing
34 silly loadShrinkwrap Starting
35 silly install loadShrinkwrap
36 silly loadShrinkwrap Finishing
37 silly loadAllDepsIntoIdealTree Starting
38 silly install loadAllDepsIntoIdealTree
39 silly resolveWithNewModule n@2.1.7 checking installable status
40 silly cache add args [ 'n', null ]
41 verbose cache add spec n
42 silly cache add parsed spec Result {
42 silly cache add   raw: 'n',
42 silly cache add   scope: null,
42 silly cache add   name: 'n',
42 silly cache add   rawSpec: '',
42 silly cache add   spec: 'latest',
42 silly cache add   type: 'tag' }
43 silly addNamed n@latest
44 verbose addNamed "latest" is being treated as a dist-tag for n
45 info addNameTag [ 'n', 'latest' ]
46 silly mapToRegistry name n
47 silly mapToRegistry using default registry
48 silly mapToRegistry registry https://registry.npmjs.org/
49 silly mapToRegistry data Result {
49 silly mapToRegistry   raw: 'n',
49 silly mapToRegistry   scope: null,
49 silly mapToRegistry   name: 'n',
49 silly mapToRegistry   rawSpec: '',
49 silly mapToRegistry   spec: 'latest',
49 silly mapToRegistry   type: 'tag' }
50 silly mapToRegistry uri https://registry.npmjs.org/n
51 verbose addNameTag registry:https://registry.npmjs.org/n not in flight; fetching
52 verbose get https://registry.npmjs.org/n not expired, no request
53 silly addNameTag next cb for n with tag latest
54 silly addNamed n@2.1.7
55 verbose addNamed "2.1.7" is a plain semver version for n
56 silly cache afterAdd n@2.1.7
57 verbose afterAdd /home/alex/.npm/n/2.1.7/package/package.json not in flight; writing
58 verbose correctMkdir /home/alex/.npm correctMkdir not in flight; initializing
59 verbose afterAdd /home/alex/.npm/n/2.1.7/package/package.json written
60 silly loadAllDepsIntoIdealTree Finishing
61 silly idealTree:prePrune lib
61 silly idealTree:prePrune └── n@2.1.7
62 silly loadIdealTree Finishing
63 silly currentTree lib
63 silly currentTree └── n@2.1.7
64 silly idealTree lib
64 silly idealTree └── n@2.1.7
65 silly generateActionsToTake Starting
66 silly install generateActionsToTake
67 warn checkPermissions Missing write access to /usr/lib/node_modules/n
68 silly rollbackFailedOptional Starting
69 silly rollbackFailedOptional Finishing
70 silly runTopLevelLifecycles Starting
71 silly runTopLevelLifecycles Finishing
72 silly install printInstalled
73 verbose stack Error: EACCES: permission denied, access '/usr/lib/node_modules/n'
73 verbose stack     at Error (native)
74 verbose cwd /home/alex/deli-counter-v-000
75 error Linux 4.8.0-49-generic
76 error argv "/usr/bin/nodejs" "/usr/bin/npm" "install" "-g" "n"
77 error node v5.12.0
78 error npm  v3.8.6
79 error path /usr/lib/node_modules/n
80 error code EACCES
81 error errno -13
82 error syscall access
83 error Error: EACCES: permission denied, access '/usr/lib/node_modules/n'
83 error     at Error (native)
83 error  { [Error: EACCES: permission denied, access '/usr/lib/node_modules/n']
83 error   errno: -13,
83 error   code: 'EACCES',
83 error   syscall: 'access',
83 error   path: '/usr/lib/node_modules/n' }
84 error Please try running this command again as root/Administrator.
85 verbose exit [ -13, true ]
